  mingw32-make: Entering directory 'E:/GameDev/MyOS'
  "BINW/mingw32-make" --directory=SRC/KERNEL --makefile=makefile.win all
  mingw32-make[1]: Entering directory 'E:/GameDev/MyOS/SRC/KERNEL'
  wcc -0 -s -wx -d0 -fr -zl -ms main.c -i=..\..\INCLUDE -i=..\INCLUDE
  Open Watcom C16 Optimizing Compiler Version 1.9
  Portions Copyright (c) 1984-2002 Sybase, Inc. All Rights Reserved.
  Source code is available under the Sybase Open Watcom Public License.
  See http://www.openwatcom.org/ for details.
  ..\..\INCLUDE\stdio.h(6): Warning! W138: No newline at end of file
  ..\..\INCLUDE\TYPE.h(12): Warning! W138: No newline at end of file
  ..\..\INCLUDE\intr.h(29): Warning! W138: No newline at end of file
  ..\..\INCLUDE\TYPE.h(12): Warning! W138: No newline at end of file
  ..\..\INCLUDE\BIOS.h(5): Warning! W138: No newline at end of file
  main.c: 9 lines, included 64, 5 warnings, 0 errors
  Code size: 2
  del KERNEL.OBJS 
  wlib  -fac  KERNEL.OBJS  +entry.obj  +main.obj 
  Open Watcom Library Manager Version 1.9
  Portions Copyright (c) 1984-2002 Sybase, Inc. All Rights Reserved.
  Source code is available under the Sybase Open Watcom Public License.
  See http://www.openwatcom.org/ for details.
  Warning! Cannot open 'KERNEL.OBJS' - library will be created
  mingw32-make[1]: Leaving directory 'E:/GameDev/MyOS/SRC/KERNEL'
  "BINW/mingw32-make" --directory=SRC/LIB --makefile=makefile.win all
  mingw32-make[1]: Entering directory 'E:/GameDev/MyOS/SRC/LIB'
  mingw32-make[1]: Nothing to be done for 'all'.
  mingw32-make[1]: Leaving directory 'E:/GameDev/MyOS/SRC/LIB'
  wlink @w.lnk
  Open Watcom Linker Version 1.9
  Portions Copyright (c) 1985-2002 Sybase, Inc. All Rights Reserved.
  Source code is available under the Sybase Open Watcom Public License.
  See http://www.openwatcom.org/ for details.
  loading object files
  creating a ТMyOsТ executable
  dd if=TEMP/ZERO.ima of=TEMP/DISK.IMG conv=notrunc
  rawwrite dd for windows version 0.6beta3.
  Written by John Newbigin <jn@it.swin.edu.au>
  This program is covered by terms of the GPL Version 2.
  
  notrunc
  2880+0 records in
  2880+0 records out
  dd if=TEMP/BOOT.bin of=TEMP/DISK.IMG conv=notrunc
  rawwrite dd for windows version 0.6beta3.
  Written by John Newbigin <jn@it.swin.edu.au>
  This program is covered by terms of the GPL Version 2.
  
  notrunc
  1+0 records in
  1+0 records out
  dd if=TEMP/KERNEL.BIN of=TEMP/DISK.IMG seek=33 bs=512 conv=notrunc
  rawwrite dd for windows version 0.6beta3.
  Written by John Newbigin <jn@it.swin.edu.au>
  This program is covered by terms of the GPL Version 2.
  
  notrunc
  0+1 records in
  0+1 records out
  mingw32-make: Leaving directory 'E:/GameDev/MyOS'
